<?xml version="1.0" encoding="UTF-8"?>
<testsuite xmlns:xsi="http://www.w3.org/2001/XMLSchema-instance" xsi:noNamespaceSchemaLocation="https://maven.apache.org/surefire/maven-surefire-plugin/xsd/surefire-test-report.xsd" name="com.revature.AccountServiceTest" time="0.126" tests="1" errors="0" skipped="0" failures="1">
  <properties>
[...]
</properties>
  <testcase name="testFindByOwnerId_returnAccountList" classname="com.revature.AccountServiceTest" time="0.101">
    <failure message="expected:&lt;[Account [id=1, balance=500.0, ownerId=0], Account [id=2, balance=600.0, ownerId=0]]&gt; but was:&lt;null&gt;" type="java.lang.AssertionError">java.lang.AssertionError: expected:&lt;[Account [id=1, balance=500.0, ownerId=0], Account [id=2, balance=600.0, ownerId=0]]&gt; but was:&lt;null&gt;	at com.revature.AccountServiceTest.testFindByOwnerId_returnAccountList(AccountServiceTest.java:62)</failure>
  </testcase>
</testsuite>